{"D:\\react-apps\\moz-todo-react\\src\\App.jsx": {"path":"D:\\react-apps\\moz-todo-react\\src\\App.jsx","statementMap":{"0":{"start":{"line":6,"column":1},"end":{"line":16,"column":3}}},"fnMap":{"0":{"name":"App","decl":{"start":{"line":5,"column":9},"end":{"line":5,"column":12}},"loc":{"start":{"line":5,"column":15},"end":{"line":17,"column":1}},"line":5}},"branchMap":{},"s":{"0":0},"f":{"0":0},"b":{}}
,"D:\\react-apps\\moz-todo-react\\src\\main.jsx": {"path":"D:\\react-apps\\moz-todo-react\\src\\main.jsx","statementMap":{"0":{"start":{"line":6,"column":0},"end":{"line":10,"column":1}}},"fnMap":{},"branchMap":{},"s":{"0":0},"f":{},"b":{}}
,"D:\\react-apps\\moz-todo-react\\src\\components\\TodoForm.jsx": {"path":"D:\\react-apps\\moz-todo-react\\src\\components\\TodoForm.jsx","statementMap":{"0":{"start":{"line":6,"column":25},"end":{"line":6,"column":37}},"1":{"start":{"line":7,"column":27},"end":{"line":7,"column":42}},"2":{"start":{"line":9,"column":22},"end":{"line":24,"column":2}},"3":{"start":{"line":10,"column":2},"end":{"line":10,"column":21}},"4":{"start":{"line":12,"column":2},"end":{"line":15,"column":3}},"5":{"start":{"line":13,"column":3},"end":{"line":13,"column":18}},"6":{"start":{"line":14,"column":3},"end":{"line":14,"column":10}},"7":{"start":{"line":17,"column":2},"end":{"line":21,"column":5}},"8":{"start":{"line":23,"column":2},"end":{"line":23,"column":14}},"9":{"start":{"line":26,"column":1},"end":{"line":59,"column":3}},"10":{"start":{"line":31,"column":20},"end":{"line":31,"column":35}},"11":{"start":{"line":48,"column":22},"end":{"line":48,"column":45}}},"fnMap":{"0":{"name":"TodoForm","decl":{"start":{"line":5,"column":24},"end":{"line":5,"column":32}},"loc":{"start":{"line":5,"column":47},"end":{"line":60,"column":1}},"line":5},"1":{"name":"(anonymous_1)","decl":{"start":{"line":9,"column":22},"end":{"line":9,"column":23}},"loc":{"start":{"line":9,"column":29},"end":{"line":24,"column":2}},"line":9},"2":{"name":"(anonymous_2)","decl":{"start":{"line":31,"column":14},"end":{"line":31,"column":15}},"loc":{"start":{"line":31,"column":20},"end":{"line":31,"column":35}},"line":31},"3":{"name":"(anonymous_3)","decl":{"start":{"line":48,"column":15},"end":{"line":48,"column":16}},"loc":{"start":{"line":48,"column":22},"end":{"line":48,"column":45}},"line":48}},"branchMap":{"0":{"loc":{"start":{"line":12,"column":2},"end":{"line":15,"column":3}},"type":"if","locations":[{"start":{"line":12,"column":2},"end":{"line":15,"column":3}},{"start":{},"end":{}}],"line":12},"1":{"loc":{"start":{"line":28,"column":4},"end":{"line":34,"column":4}},"type":"binary-expr","locations":[{"start":{"line":28,"column":4},"end":{"line":28,"column":9}},{"start":{"line":29,"column":4},"end":{"line":33,"column":12}}],"line":28}},"s":{"0":15,"1":15,"2":15,"3":4,"4":4,"5":1,"6":1,"7":3,"8":3,"9":15,"10":0,"11":3},"f":{"0":15,"1":4,"2":0,"3":3},"b":{"0":[1,3],"1":[15,1]},"_coverageSchema":"1a1c01bbd47fc00a2c39e90264f33305004495a9","hash":"89fdfc3256cbb78439deb0e98e0a2f266be515ef"}
,"D:\\react-apps\\moz-todo-react\\src\\components\\TodoItem.jsx": {"path":"D:\\react-apps\\moz-todo-react\\src\\components\\TodoItem.jsx","statementMap":{"0":{"start":{"line":5,"column":1},"end":{"line":42,"column":3}}},"fnMap":{"0":{"name":"TodoItem","decl":{"start":{"line":4,"column":24},"end":{"line":4,"column":32}},"loc":{"start":{"line":4,"column":71},"end":{"line":43,"column":1}},"line":4}},"branchMap":{"0":{"loc":{"start":{"line":29,"column":22},"end":{"line":29,"column":58}},"type":"cond-expr","locations":[{"start":{"line":29,"column":38},"end":{"line":29,"column":52}},{"start":{"line":29,"column":55},"end":{"line":29,"column":58}}],"line":29},"1":{"loc":{"start":{"line":30,"column":13},"end":{"line":30,"column":45}},"type":"cond-expr","locations":[{"start":{"line":30,"column":29},"end":{"line":30,"column":35}},{"start":{"line":30,"column":38},"end":{"line":30,"column":45}}],"line":30}},"s":{"0":6},"f":{"0":6},"b":{"0":[1,5],"1":[1,5]},"_coverageSchema":"1a1c01bbd47fc00a2c39e90264f33305004495a9","hash":"8f6d8a47f62367d6ed982330dc3f2712f68539d8"}
,"D:\\react-apps\\moz-todo-react\\src\\components\\TodoList.jsx": {"path":"D:\\react-apps\\moz-todo-react\\src\\components\\TodoList.jsx","statementMap":{"0":{"start":{"line":7,"column":27},"end":{"line":7,"column":39}},"1":{"start":{"line":8,"column":39},"end":{"line":8,"column":54}},"2":{"start":{"line":10,"column":24},"end":{"line":16,"column":2}},"3":{"start":{"line":11,"column":2},"end":{"line":15,"column":4}},"4":{"start":{"line":13,"column":4},"end":{"line":13,"column":65}},"5":{"start":{"line":18,"column":20},"end":{"line":20,"column":2}},"6":{"start":{"line":19,"column":2},"end":{"line":19,"column":51}},"7":{"start":{"line":19,"column":34},"end":{"line":19,"column":48}},"8":{"start":{"line":22,"column":26},"end":{"line":30,"column":2}},"9":{"start":{"line":23,"column":2},"end":{"line":29,"column":3}},"10":{"start":{"line":24,"column":3},"end":{"line":24,"column":58}},"11":{"start":{"line":24,"column":33},"end":{"line":24,"column":56}},"12":{"start":{"line":25,"column":9},"end":{"line":29,"column":3}},"13":{"start":{"line":26,"column":3},"end":{"line":26,"column":57}},"14":{"start":{"line":26,"column":33},"end":{"line":26,"column":55}},"15":{"start":{"line":28,"column":3},"end":{"line":28,"column":21}},"16":{"start":{"line":32,"column":23},"end":{"line":32,"column":52}},"17":{"start":{"line":34,"column":1},"end":{"line":125,"column":3}},"18":{"start":{"line":57,"column":38},"end":{"line":57,"column":68}},"19":{"start":{"line":59,"column":5},"end":{"line":64,"column":7}},"20":{"start":{"line":62,"column":28},"end":{"line":62,"column":51}},"21":{"start":{"line":63,"column":24},"end":{"line":63,"column":43}},"22":{"start":{"line":80,"column":30},"end":{"line":80,"column":53}},"23":{"start":{"line":86,"column":22},"end":{"line":86,"column":43}},"24":{"start":{"line":95,"column":22},"end":{"line":95,"column":46}},"25":{"start":{"line":104,"column":22},"end":{"line":104,"column":49}},"26":{"start":{"line":116,"column":7},"end":{"line":116,"column":64}},"27":{"start":{"line":116,"column":39},"end":{"line":116,"column":62}},"28":{"start":{"line":119,"column":38},"end":{"line":119,"column":51}}},"fnMap":{"0":{"name":"TodoList","decl":{"start":{"line":6,"column":24},"end":{"line":6,"column":32}},"loc":{"start":{"line":6,"column":35},"end":{"line":126,"column":1}},"line":6},"1":{"name":"(anonymous_1)","decl":{"start":{"line":10,"column":24},"end":{"line":10,"column":25}},"loc":{"start":{"line":10,"column":32},"end":{"line":16,"column":2}},"line":10},"2":{"name":"(anonymous_2)","decl":{"start":{"line":12,"column":13},"end":{"line":12,"column":14}},"loc":{"start":{"line":13,"column":4},"end":{"line":13,"column":65}},"line":13},"3":{"name":"(anonymous_3)","decl":{"start":{"line":18,"column":20},"end":{"line":18,"column":21}},"loc":{"start":{"line":18,"column":28},"end":{"line":20,"column":2}},"line":18},"4":{"name":"(anonymous_4)","decl":{"start":{"line":19,"column":24},"end":{"line":19,"column":25}},"loc":{"start":{"line":19,"column":34},"end":{"line":19,"column":48}},"line":19},"5":{"name":"(anonymous_5)","decl":{"start":{"line":22,"column":26},"end":{"line":22,"column":27}},"loc":{"start":{"line":22,"column":38},"end":{"line":30,"column":2}},"line":22},"6":{"name":"(anonymous_6)","decl":{"start":{"line":24,"column":23},"end":{"line":24,"column":24}},"loc":{"start":{"line":24,"column":33},"end":{"line":24,"column":56}},"line":24},"7":{"name":"(anonymous_7)","decl":{"start":{"line":26,"column":23},"end":{"line":26,"column":24}},"loc":{"start":{"line":26,"column":33},"end":{"line":26,"column":55}},"line":26},"8":{"name":"(anonymous_8)","decl":{"start":{"line":57,"column":24},"end":{"line":57,"column":25}},"loc":{"start":{"line":57,"column":38},"end":{"line":57,"column":68}},"line":57},"9":{"name":"(anonymous_9)","decl":{"start":{"line":58,"column":23},"end":{"line":58,"column":24}},"loc":{"start":{"line":59,"column":5},"end":{"line":64,"column":7}},"line":59},"10":{"name":"(anonymous_10)","decl":{"start":{"line":62,"column":22},"end":{"line":62,"column":23}},"loc":{"start":{"line":62,"column":28},"end":{"line":62,"column":51}},"line":62},"11":{"name":"(anonymous_11)","decl":{"start":{"line":63,"column":18},"end":{"line":63,"column":19}},"loc":{"start":{"line":63,"column":24},"end":{"line":63,"column":43}},"line":63},"12":{"name":"(anonymous_12)","decl":{"start":{"line":80,"column":20},"end":{"line":80,"column":21}},"loc":{"start":{"line":80,"column":30},"end":{"line":80,"column":53}},"line":80},"13":{"name":"(anonymous_13)","decl":{"start":{"line":86,"column":16},"end":{"line":86,"column":17}},"loc":{"start":{"line":86,"column":22},"end":{"line":86,"column":43}},"line":86},"14":{"name":"(anonymous_14)","decl":{"start":{"line":95,"column":16},"end":{"line":95,"column":17}},"loc":{"start":{"line":95,"column":22},"end":{"line":95,"column":46}},"line":95},"15":{"name":"(anonymous_15)","decl":{"start":{"line":104,"column":16},"end":{"line":104,"column":17}},"loc":{"start":{"line":104,"column":22},"end":{"line":104,"column":49}},"line":104},"16":{"name":"(anonymous_16)","decl":{"start":{"line":115,"column":15},"end":{"line":115,"column":16}},"loc":{"start":{"line":116,"column":7},"end":{"line":116,"column":64}},"line":116},"17":{"name":"(anonymous_17)","decl":{"start":{"line":116,"column":29},"end":{"line":116,"column":30}},"loc":{"start":{"line":116,"column":39},"end":{"line":116,"column":62}},"line":116},"18":{"name":"(anonymous_18)","decl":{"start":{"line":119,"column":28},"end":{"line":119,"column":29}},"loc":{"start":{"line":119,"column":38},"end":{"line":119,"column":51}},"line":119}},"branchMap":{"0":{"loc":{"start":{"line":13,"column":4},"end":{"line":13,"column":65}},"type":"cond-expr","locations":[{"start":{"line":13,"column":21},"end":{"line":13,"column":58}},{"start":{"line":13,"column":61},"end":{"line":13,"column":65}}],"line":13},"1":{"loc":{"start":{"line":23,"column":2},"end":{"line":29,"column":3}},"type":"if","locations":[{"start":{"line":23,"column":2},"end":{"line":29,"column":3}},{"start":{"line":25,"column":9},"end":{"line":29,"column":3}}],"line":23},"2":{"loc":{"start":{"line":25,"column":9},"end":{"line":29,"column":3}},"type":"if","locations":[{"start":{"line":25,"column":9},"end":{"line":29,"column":3}},{"start":{"line":27,"column":9},"end":{"line":29,"column":3}}],"line":25},"3":{"loc":{"start":{"line":89,"column":17},"end":{"line":89,"column":62}},"type":"cond-expr","locations":[{"start":{"line":89,"column":41},"end":{"line":89,"column":50}},{"start":{"line":89,"column":53},"end":{"line":89,"column":62}}],"line":89},"4":{"loc":{"start":{"line":90,"column":15},"end":{"line":90,"column":58}},"type":"cond-expr","locations":[{"start":{"line":90,"column":39},"end":{"line":90,"column":46}},{"start":{"line":90,"column":49},"end":{"line":90,"column":58}}],"line":90},"5":{"loc":{"start":{"line":98,"column":17},"end":{"line":98,"column":65}},"type":"cond-expr","locations":[{"start":{"line":98,"column":44},"end":{"line":98,"column":53}},{"start":{"line":98,"column":56},"end":{"line":98,"column":65}}],"line":98},"6":{"loc":{"start":{"line":99,"column":15},"end":{"line":99,"column":61}},"type":"cond-expr","locations":[{"start":{"line":99,"column":42},"end":{"line":99,"column":49}},{"start":{"line":99,"column":52},"end":{"line":99,"column":61}}],"line":99},"7":{"loc":{"start":{"line":107,"column":17},"end":{"line":107,"column":68}},"type":"cond-expr","locations":[{"start":{"line":107,"column":47},"end":{"line":107,"column":56}},{"start":{"line":107,"column":59},"end":{"line":107,"column":68}}],"line":107},"8":{"loc":{"start":{"line":108,"column":15},"end":{"line":108,"column":64}},"type":"cond-expr","locations":[{"start":{"line":108,"column":45},"end":{"line":108,"column":52}},{"start":{"line":108,"column":55},"end":{"line":108,"column":64}}],"line":108}},"s":{"0":7,"1":7,"2":7,"3":1,"4":1,"5":7,"6":0,"7":0,"8":7,"9":7,"10":0,"11":0,"12":7,"13":0,"14":0,"15":7,"16":7,"17":7,"18":2,"19":3,"20":1,"21":0,"22":3,"23":0,"24":0,"25":0,"26":1,"27":1,"28":3},"f":{"0":7,"1":1,"2":1,"3":0,"4":0,"5":7,"6":0,"7":0,"8":2,"9":3,"10":1,"11":0,"12":3,"13":0,"14":0,"15":0,"16":1,"17":1,"18":3},"b":{"0":[1,0],"1":[0,7],"2":[0,7],"3":[7,0],"4":[7,0],"5":[0,7],"6":[0,7],"7":[0,7],"8":[0,7]},"_coverageSchema":"1a1c01bbd47fc00a2c39e90264f33305004495a9","hash":"772d472055a7a918942f94c812effa166adaa370"}
}
