TN:
SF:src\App.jsx
FN:5,App
FNF:1
FNH:0
FNDA:0,App
DA:6,0
LF:1
LH:0
BRF:0
BRH:0
end_of_record
TN:
SF:src\main.jsx
FNF:0
FNH:0
DA:6,0
LF:1
LH:0
BRF:0
BRH:0
end_of_record
TN:
SF:src\components\TodoForm.jsx
FN:5,TodoForm
FN:9,(anonymous_1)
FN:31,(anonymous_2)
FN:48,(anonymous_3)
FNF:4
FNH:3
FNDA:15,TodoForm
FNDA:4,(anonymous_1)
FNDA:0,(anonymous_2)
FNDA:3,(anonymous_3)
DA:6,15
DA:7,15
DA:9,15
DA:10,4
DA:12,4
DA:13,1
DA:14,1
DA:17,3
DA:23,3
DA:26,15
DA:31,0
DA:48,3
LF:12
LH:11
BRDA:12,0,0,1
BRDA:12,0,1,3
BRDA:28,1,0,15
BRDA:28,1,1,1
BRF:4
BRH:4
end_of_record
TN:
SF:src\components\TodoItem.jsx
FN:4,TodoItem
FNF:1
FNH:1
FNDA:6,TodoItem
DA:5,6
LF:1
LH:1
BRDA:29,0,0,1
BRDA:29,0,1,5
BRDA:30,1,0,1
BRDA:30,1,1,5
BRF:4
BRH:4
end_of_record
TN:
SF:src\components\TodoList.jsx
FN:6,TodoList
FN:10,(anonymous_1)
FN:12,(anonymous_2)
FN:18,(anonymous_3)
FN:19,(anonymous_4)
FN:22,(anonymous_5)
FN:24,(anonymous_6)
FN:26,(anonymous_7)
FN:57,(anonymous_8)
FN:58,(anonymous_9)
FN:62,(anonymous_10)
FN:63,(anonymous_11)
FN:80,(anonymous_12)
FN:86,(anonymous_13)
FN:95,(anonymous_14)
FN:104,(anonymous_15)
FN:115,(anonymous_16)
FN:116,(anonymous_17)
FN:119,(anonymous_18)
FNF:19
FNH:11
FNDA:7,TodoList
FNDA:1,(anonymous_1)
FNDA:1,(anonymous_2)
FNDA:0,(anonymous_3)
FNDA:0,(anonymous_4)
FNDA:7,(anonymous_5)
FNDA:0,(anonymous_6)
FNDA:0,(anonymous_7)
FNDA:2,(anonymous_8)
FNDA:3,(anonymous_9)
FNDA:1,(anonymous_10)
FNDA:0,(anonymous_11)
FNDA:3,(anonymous_12)
FNDA:0,(anonymous_13)
FNDA:0,(anonymous_14)
FNDA:0,(anonymous_15)
FNDA:1,(anonymous_16)
FNDA:1,(anonymous_17)
FNDA:3,(anonymous_18)
DA:7,7
DA:8,7
DA:10,7
DA:11,1
DA:13,1
DA:18,7
DA:19,0
DA:22,7
DA:23,7
DA:24,0
DA:25,7
DA:26,0
DA:28,7
DA:32,7
DA:34,7
DA:57,2
DA:59,3
DA:62,1
DA:63,0
DA:80,3
DA:86,0
DA:95,0
DA:104,0
DA:116,1
DA:119,3
LF:25
LH:18
BRDA:13,0,0,1
BRDA:13,0,1,0
BRDA:23,1,0,0
BRDA:23,1,1,7
BRDA:25,2,0,0
BRDA:25,2,1,7
BRDA:89,3,0,7
BRDA:89,3,1,0
BRDA:90,4,0,7
BRDA:90,4,1,0
BRDA:98,5,0,0
BRDA:98,5,1,7
BRDA:99,6,0,0
BRDA:99,6,1,7
BRDA:107,7,0,0
BRDA:107,7,1,7
BRDA:108,8,0,0
BRDA:108,8,1,7
BRF:18
BRH:9
end_of_record
